[PIPELINE][DBG] Loaded Container4000.Length=4000
--- Running full pipeline for job 69172 ---
  Step 1: Generating Container Step 1 artifacts...
[STEP1][LoadOverrides] Loaded 1 overrides from /Users/vshanmu/3OSG/MBCNTR2503.Modernizer/config/base/mblps/step1.overrides.json
[STEP1][LoadOverrides]   mbp.dd: 2 windows, 1 raw fields, 18 special bytes
[STEP1][LoadOverrides]   Special bytes: 3778=0x40, 3883=0x64, 3884=0x64, 3889=0x64, 3890=0x64...
[STEP1] Detected client number: 5031
[STEP1][LoadOverrides] Loaded 1 overrides from /Users/vshanmu/3OSG/MBCNTR2503.Modernizer/config/base/mblps/step1.overrides.5031.json
[STEP1][LoadOverrides]   mbp.dd: 2 windows, 1 raw fields, 44 special bytes
[STEP1][LoadOverrides]   Special bytes: 2987=0x00, 2993=0x00, 2994=0x00, 2995=0x00, 2996=0x00...
[STEP1] Loaded customer-specific overrides for client 5031
[STEP1][SpecialBytes] Found 44 special bytes to apply for mbp.dd (after raw windows)
[STEP1][SpecialBytes] Found 44 special bytes to apply for mbp.dd (after raw windows)
[STEP1][SpecialBytes] Found 44 special bytes to apply for mbp.dd (after raw windows)
[STEP1][SpecialBytes] Found 44 special bytes to apply for mbp.dd (after raw windows)
[STEP1][SpecialBytes] Found 44 special bytes to apply for mbp.dd (after raw windows)
    ✅ .4300, .dat.rectype, .dat.total files generated.
[TEXT-EXTRACT] Starting text extraction for job 69172
[TEXT-EXTRACT] Input: /Users/vshanmu/3OSG/MBCNTR2503.Modernizer/out/69172/69172.4300
[TEXT-EXTRACT] Output: /Users/vshanmu/3OSG/MBCNTR2503.Modernizer/out/69172
[TEXT-EXTRACT] Processed 32 records
[TEXT-EXTRACT] Output written to: /Users/vshanmu/3OSG/MBCNTR2503.Modernizer/out/69172/69172.4300.txt
    ✅ .4300.txt file generated.
[SUSPECT-VALIDATOR] Starting suspect validation for job 69172
[SUSPECT-VALIDATOR] Input: /Users/vshanmu/3OSG/MBCNTR2503.Modernizer/out/69172/69172.4300.txt
[SUSPECT-VALIDATOR] Output: /Users/vshanmu/3OSG/MBCNTR2503.Modernizer/out/69172
[SUSPECT-VALIDATOR] Completed validation:
[SUSPECT-VALIDATOR] Output file: "/Users/vshanmu/3OSG/MBCNTR2503.Modernizer/out/69172/69172.4300.txt.suspect", writeCount=0 of 32
    ✅ .4300.txt.suspect file generated.
[TXT-NEW-MERGER] Starting txt.new merge for job 69172
[TXT-NEW-MERGER] Text input: /Users/vshanmu/3OSG/MBCNTR2503.Modernizer/out/69172/69172.4300.txt
[TXT-NEW-MERGER] Binary input: /Users/vshanmu/3OSG/MBCNTR2503.Modernizer/out/69172/69172.4300
[TXT-NEW-MERGER] Output: /Users/vshanmu/3OSG/MBCNTR2503.Modernizer/out/69172
[TXT-NEW-MERGER] Records processed: 32, Max length: 1558
[TXT-NEW-MERGER] Max line length: 1558, Length file: 1858, Record length: 1857
[TXT-NEW-MERGER] Records merged: 32
[TXT-NEW-MERGER] Completed merge:
[TXT-NEW-MERGER] Length file: "/Users/vshanmu/3OSG/MBCNTR2503.Modernizer/out/69172/69172.4300.txt.length"
[TXT-NEW-MERGER] New file: "/Users/vshanmu/3OSG/MBCNTR2503.Modernizer/out/69172/69172.4300.txt.new"
    ✅ .4300.txt.new and .length files generated.
[PIPELINE] Detected client number: 5031
[NCPJAX-GENERATOR] Starting .ncpjax generation for job 69172
[NCPJAX-GENERATOR] Reading ddcontrol.txt from: /Users/vshanmu/3OSG/MBCNTR2503.Modernizer/config/base/mblps/ddcontrol.txt
[NCPJAX-GENERATOR] Found NCPJAX value: mblps.dd
[NCPJAX-GENERATOR] Generated /Users/vshanmu/3OSG/MBCNTR2503.Modernizer/out/69172/69172.ncpjax (9 bytes)
[NCPJAX-GENERATOR] Content: mblps.dd
[NCPJAX-GENERATOR] Completed .ncpjax generation for job 69172
    ✅ .ncpjax file generated.
  Step 1: Done.
  Step 2: EBCDIC to ASCII conversion...
[VERBOSE] Starting EBCDIC→ASCII conversion for job 69172
[VERBOSE] Input: /Users/vshanmu/3OSG/MBCNTR2503.Modernizer/Input/69172.dat
[VERBOSE] Output: /Users/vshanmu/3OSG/MBCNTR2503.Modernizer/out/69172
[VERBOSE] Record 1: Type='A'
[VERBOSE] Record 2: Type='D'
[VERBOSE] Record 3: Type='P'
[VERBOSE] Detected client: 503, Loan packed: True
[VERBOSE] Record 4: Type='S'
[VERBOSE] Record 5: Type='S'
[VERBOSE] Record 6: Type='S'
[VERBOSE] Record 7: Type='V'
[VERBOSE] Record 8: Type='F'
[VERBOSE] Record 9: Type='P'
[VERBOSE] Record 10: Type='S'
[VERBOSE] Record 11: Type='S'
[VERBOSE] Record 12: Type='S'
[VERBOSE] Record 13: Type='V'
[VERBOSE] Record 14: Type='F'
[VERBOSE] Record 15: Type='P'
[VERBOSE] Record 16: Type='S'
[VERBOSE] Record 17: Type='S'
[VERBOSE] Record 18: Type='S'
[VERBOSE] Record 19: Type='V'
[VERBOSE] Record 20: Type='F'
[EBCDIC-PROCESSOR] Completed processing:
[EBCDIC-PROCESSOR] Total records: 32
[EBCDIC-PROCESSOR] P records: 5
[EBCDIC-PROCESSOR] S records: 15
[EBCDIC-PROCESSOR] D records: 1
  Step 2: Done.
  Step 3: Key enrichment...
[PIPELINE][DBG] KeyEnrichment recordLen p=1500, s=1500


******* B E G I N   C N F I L E K E Y S *******

20 % complete
40 % complete
60 % complete
80 % complete
100 % complete

Key enrichment completed. Processed 5 P records.
  Step 3: Done.
  Step 4: MB2000 conversion...
[PIPELINE] Using base overrides: /Users/vshanmu/3OSG/MBCNTR2503.Modernizer/config/base/mblps/mb2000.overrides.json
[MB2000] Loaded 566 overrides from /Users/vshanmu/3OSG/MBCNTR2503.Modernizer/config/base/mblps/mb2000.overrides.json
[PIPELINE][DBG] Reading keyedPFile with recordLen=1500
[MB2000][DBG] Map start: overrides=566, schemaLength=2000
[MB2000] Processing record, applying 566 overrides
[FIELD_LOAD_DEBUG] Loading field definitions from: FieldDefinitions_Generated.json
Unhandled exception. System.TypeInitializationException: The type initializer for 'Cnp.Pipeline.MB2000FieldMapper' threw an exception.
 ---> System.IO.FileNotFoundException: Could not find file '/Users/vshanmu/3OSG/MBCNTR2503.Modernizer/FieldDefinitions_Generated.json'.
File name: '/Users/vshanmu/3OSG/MBCNTR2503.Modernizer/FieldDefinitions_Generated.json'
   at Interop.ThrowExceptionForIoErrno(ErrorInfo errorInfo, String path, Boolean isDirError)
   at Microsoft.Win32.SafeHandles.SafeFileHandle.Open(String path, OpenFlags flags, Int32 mode, Boolean failForSymlink, Boolean& wasSymlink, Func`4 createOpenException)
   at Microsoft.Win32.SafeHandles.SafeFileHandle.Open(String fullPath, FileMode mode, FileAccess access, FileShare share, FileOptions options, Int64 preallocationSize, UnixFileMode openPermissions, Int64& fileLength, UnixFileMode& filePermissions, Boolean failForSymlink, Boolean& wasSymlink, Func`4 createOpenException)
   at System.IO.Strategies.OSFileStreamStrategy..ctor(String path, FileMode mode, FileAccess access, FileShare share, FileOptions options, Int64 preallocationSize, Nullable`1 unixCreateMode)
   at System.IO.StreamReader.ValidateArgsAndOpenPath(String path, Encoding encoding, Int32 bufferSize)
   at System.IO.File.ReadAllText(String path, Encoding encoding)
   at Cnp.Pipeline.MB2000FieldMapper.LoadFieldMetadata() in /Users/vshanmu/3OSG/MBCNTR2503.Modernizer/src/Cnp.Pipeline/MB2000FieldMapper.cs:line 46
   at Cnp.Pipeline.MB2000FieldMapper..cctor() in /Users/vshanmu/3OSG/MBCNTR2503.Modernizer/src/Cnp.Pipeline/MB2000FieldMapper.cs:line 30
   --- End of inner exception stack trace ---
   at Cnp.Pipeline.MB2000FieldMapper.Map(Byte[] keyed) in /Users/vshanmu/3OSG/MBCNTR2503.Modernizer/src/Cnp.Pipeline/MB2000FieldMapper.cs:line 114
   at Cnp.Pipeline.PipelineOrchestrator.Run(String jobId) in /Users/vshanmu/3OSG/MBCNTR2503.Modernizer/src/Cnp.Pipeline/PipelineOrchestrator.cs:line 128
   at Program.<Main>$(String[] args) in /Users/vshanmu/3OSG/MBCNTR2503.Modernizer/src/Cnp.Cli/Program.cs:line 410
